<?xml version="1.0" encoding="UTF-8"?>
<!-- Generated by org.testng.reporters.JUnitReportReporter -->
<testsuite skipped="0" hostname="OZDEN-iMac.ht.home" name="runner.Runner" tests="1" failures="0" timestamp="2023-02-25T16:19:42 EST" time="1.263" errors="0">
  <testcase name="runScenario" time="1.263" classname="runner.Runner"/>
  <system-out/>
</testsuite> <!-- runner.Runner -->
